{"contracts\\seed\\Seed.sol":{"l":{"82":15,"83":13,"84":13,"88":22,"89":15,"93":27,"94":26,"95":24,"99":14,"100":13,"101":13,"103":13,"107":9,"108":9,"109":8,"113":8,"114":7,"115":7,"116":6,"120":3,"121":2,"122":1,"160":13,"161":12,"162":11,"163":10,"165":9,"166":9,"167":9,"168":9,"169":9,"170":9,"171":9,"172":9,"173":9,"174":9,"175":9,"176":9,"177":9,"178":9,"180":9,"181":9,"182":9,"183":9,"191":13,"192":10,"194":9,"197":12,"200":12,"203":12,"206":12,"209":12,"212":12,"215":12,"216":12,"219":12,"221":12,"222":9,"224":12,"225":5,"226":5,"229":12,"239":11,"241":11,"250":8,"252":8,"253":8,"254":6,"255":5,"257":5,"259":5,"260":5,"261":5,"263":5,"264":5,"265":5,"266":5,"268":5,"271":5,"278":6,"279":5,"280":5,"281":5,"282":5,"283":5,"284":5,"285":5,"286":5,"287":5,"288":5,"292":5,"294":5,"303":2,"310":2,"311":2,"313":2,"321":2,"323":1,"324":1,"328":1,"330":1,"334":1,"335":1,"344":4,"346":2,"354":1,"355":1,"356":2,"365":1,"367":1,"374":1,"375":1,"376":1,"384":7,"388":6,"389":6,"398":13,"400":13,"401":1,"405":12,"407":12,"408":2,"412":10,"413":2,"415":8,"416":8,"425":9,"433":30,"455":12,"457":11,"464":11},"path":"E:\\curve-labs\\PrimeDAO\\contracts-v2\\contracts\\seed\\Seed.sol","s":{"1":15,"2":13,"3":22,"4":27,"5":26,"6":14,"7":13,"8":13,"9":9,"10":9,"11":8,"12":7,"13":7,"14":3,"15":2,"16":13,"17":12,"18":11,"19":10,"20":9,"21":9,"22":9,"23":9,"24":9,"25":9,"26":9,"27":9,"28":9,"29":9,"30":9,"31":9,"32":9,"33":9,"34":9,"35":9,"36":9,"37":9,"38":13,"39":10,"40":9,"41":12,"42":12,"43":12,"44":12,"45":12,"46":12,"47":12,"48":12,"49":12,"50":12,"51":9,"52":12,"53":5,"54":5,"55":12,"56":11,"57":11,"58":8,"59":8,"60":8,"61":6,"62":5,"63":5,"64":5,"65":5,"66":5,"67":5,"68":5,"69":5,"70":5,"71":5,"72":5,"73":6,"74":5,"75":5,"76":5,"77":5,"78":5,"79":5,"80":5,"81":5,"82":5,"83":5,"84":5,"85":5,"86":2,"87":2,"88":2,"89":2,"90":2,"91":1,"92":1,"93":1,"94":1,"95":1,"96":1,"97":4,"98":2,"99":1,"100":1,"101":2,"102":1,"103":1,"104":1,"105":1,"106":1,"107":7,"108":6,"109":6,"110":13,"111":13,"112":1,"113":12,"114":12,"115":2,"116":10,"117":2,"118":8,"119":8,"120":9,"121":30,"122":12,"123":11},"b":{"1":[13,2],"2":[15,7],"3":[26,1],"4":[24,2],"5":[13,1],"6":[13,0],"7":[13,0],"8":[9,0],"9":[8,1],"10":[7,1],"11":[7,0],"12":[6,1],"13":[2,1],"14":[1,1],"15":[12,1],"16":[11,1],"17":[10,1],"18":[9,1],"19":[10,3],"20":[9,1],"21":[12,0],"22":[12,0],"23":[12,0],"24":[9,3],"25":[5,7],"26":[6,2],"27":[5,1],"28":[5,0],"29":[5,0],"30":[5,1],"31":[5,0],"32":[2,0],"33":[2,0],"34":[1,1],"35":[1,0],"36":[1,0],"37":[2,2],"38":[1,0],"39":[1,0],"40":[6,1],"41":[1,12],"42":[2,10],"43":[2,8],"44":[11,1]},"f":{"1":15,"2":22,"3":27,"4":14,"5":9,"6":8,"7":3,"8":13,"9":13,"10":8,"11":6,"12":2,"13":2,"14":2,"15":4,"16":1,"17":1,"18":1,"19":7,"20":13,"21":9,"22":30,"23":12},"fnMap":{"1":{"name":"initializer","line":81,"loc":{"start":{"line":81,"column":4},"end":{"line":85,"column":4}}},"2":{"name":"onlyAdmin","line":87,"loc":{"start":{"line":87,"column":4},"end":{"line":90,"column":4}}},"3":{"name":"isActive","line":92,"loc":{"start":{"line":92,"column":4},"end":{"line":96,"column":4}}},"4":{"name":"allowedToBuy","line":98,"loc":{"start":{"line":98,"column":4},"end":{"line":104,"column":4}}},"5":{"name":"allowedToClaim","line":106,"loc":{"start":{"line":106,"column":4},"end":{"line":110,"column":4}}},"6":{"name":"allowedToRetrieve","line":112,"loc":{"start":{"line":112,"column":4},"end":{"line":117,"column":4}}},"7":{"name":"allowedToWithdraw","line":119,"loc":{"start":{"line":119,"column":4},"end":{"line":123,"column":4}}},"8":{"name":"initialize","line":156,"loc":{"start":{"line":144,"column":4},"end":{"line":184,"column":4}}},"9":{"name":"buy","line":190,"loc":{"start":{"line":190,"column":4},"end":{"line":242,"column":4}}},"10":{"name":"claim","line":249,"loc":{"start":{"line":249,"column":4},"end":{"line":272,"column":4}}},"11":{"name":"retrieveFundingTokens","line":277,"loc":{"start":{"line":277,"column":4},"end":{"line":295,"column":4}}},"12":{"name":"pause","line":302,"loc":{"start":{"line":302,"column":4},"end":{"line":304,"column":4}}},"13":{"name":"unpause","line":309,"loc":{"start":{"line":309,"column":4},"end":{"line":314,"column":4}}},"14":{"name":"close","line":319,"loc":{"start":{"line":319,"column":4},"end":{"line":337,"column":4}}},"15":{"name":"whitelist","line":343,"loc":{"start":{"line":343,"column":4},"end":{"line":347,"column":4}}},"16":{"name":"whitelistBatch","line":353,"loc":{"start":{"line":353,"column":4},"end":{"line":358,"column":4}}},"17":{"name":"unwhitelist","line":364,"loc":{"start":{"line":364,"column":4},"end":{"line":368,"column":4}}},"18":{"name":"withdraw","line":373,"loc":{"start":{"line":373,"column":4},"end":{"line":377,"column":4}}},"19":{"name":"updateMetadata","line":383,"loc":{"start":{"line":383,"column":4},"end":{"line":390,"column":4}}},"20":{"name":"calculateClaim","line":397,"loc":{"start":{"line":397,"column":4},"end":{"line":418,"column":4}}},"21":{"name":"checkWhitelisted","line":424,"loc":{"start":{"line":424,"column":4},"end":{"line":426,"column":4}}},"22":{"name":"_currentTime","line":432,"loc":{"start":{"line":432,"column":4},"end":{"line":434,"column":4}}},"23":{"name":"_addFunder","line":444,"loc":{"start":{"line":444,"column":4},"end":{"line":465,"column":4}}}},"statementMap":{"1":{"start":{"line":82,"column":8},"end":{"line":82,"column":66}},"2":{"start":{"line":83,"column":8},"end":{"line":83,"column":25}},"3":{"start":{"line":88,"column":8},"end":{"line":88,"column":67}},"4":{"start":{"line":93,"column":8},"end":{"line":93,"column":53}},"5":{"start":{"line":94,"column":8},"end":{"line":94,"column":53}},"6":{"start":{"line":99,"column":8},"end":{"line":99,"column":64}},"7":{"start":{"line":100,"column":8},"end":{"line":100,"column":90}},"8":{"start":{"line":101,"column":8},"end":{"line":101,"column":4923}},"9":{"start":{"line":107,"column":8},"end":{"line":107,"column":70}},"10":{"start":{"line":108,"column":8},"end":{"line":108,"column":106}},"11":{"start":{"line":113,"column":8},"end":{"line":113,"column":53}},"12":{"start":{"line":114,"column":8},"end":{"line":114,"column":82}},"13":{"start":{"line":115,"column":8},"end":{"line":115,"column":60}},"14":{"start":{"line":120,"column":8},"end":{"line":120,"column":53}},"15":{"start":{"line":121,"column":8},"end":{"line":121,"column":70}},"16":{"start":{"line":160,"column":8},"end":{"line":160,"column":89}},"17":{"start":{"line":161,"column":8},"end":{"line":161,"column":115}},"18":{"start":{"line":162,"column":8},"end":{"line":162,"column":114}},"19":{"start":{"line":163,"column":8},"end":{"line":163,"column":100}},"20":{"start":{"line":165,"column":8},"end":{"line":165,"column":39}},"21":{"start":{"line":166,"column":8},"end":{"line":166,"column":33}},"22":{"start":{"line":167,"column":8},"end":{"line":167,"column":49}},"23":{"start":{"line":168,"column":8},"end":{"line":168,"column":49}},"24":{"start":{"line":169,"column":8},"end":{"line":169,"column":33}},"25":{"start":{"line":170,"column":8},"end":{"line":170,"column":37}},"26":{"start":{"line":171,"column":8},"end":{"line":171,"column":35}},"27":{"start":{"line":172,"column":8},"end":{"line":172,"column":34}},"28":{"start":{"line":173,"column":8},"end":{"line":173,"column":43}},"29":{"start":{"line":174,"column":8},"end":{"line":174,"column":40}},"30":{"start":{"line":175,"column":8},"end":{"line":175,"column":44}},"31":{"start":{"line":176,"column":8},"end":{"line":176,"column":45}},"32":{"start":{"line":177,"column":8},"end":{"line":177,"column":45}},"33":{"start":{"line":178,"column":8},"end":{"line":178,"column":31}},"34":{"start":{"line":180,"column":8},"end":{"line":180,"column":55}},"35":{"start":{"line":181,"column":8},"end":{"line":181,"column":59}},"36":{"start":{"line":182,"column":8},"end":{"line":182,"column":46}},"37":{"start":{"line":183,"column":8},"end":{"line":183,"column":45}},"38":{"start":{"line":191,"column":8},"end":{"line":191,"column":9194}},"39":{"start":{"line":192,"column":12},"end":{"line":192,"column":9269}},"40":{"start":{"line":194,"column":12},"end":{"line":194,"column":26}},"41":{"start":{"line":197,"column":8},"end":{"line":197,"column":60}},"42":{"start":{"line":200,"column":8},"end":{"line":200,"column":49}},"43":{"start":{"line":203,"column":8},"end":{"line":203,"column":50}},"44":{"start":{"line":206,"column":8},"end":{"line":206,"column":9936}},"45":{"start":{"line":209,"column":8},"end":{"line":209,"column":10059}},"46":{"start":{"line":212,"column":8},"end":{"line":212,"column":57}},"47":{"start":{"line":215,"column":8},"end":{"line":215,"column":34}},"48":{"start":{"line":216,"column":8},"end":{"line":216,"column":33}},"49":{"start":{"line":219,"column":8},"end":{"line":219,"column":103}},"50":{"start":{"line":221,"column":8},"end":{"line":221,"column":10515}},"51":{"start":{"line":222,"column":12},"end":{"line":222,"column":32}},"52":{"start":{"line":224,"column":8},"end":{"line":224,"column":10606}},"53":{"start":{"line":225,"column":12},"end":{"line":225,"column":32}},"54":{"start":{"line":226,"column":12},"end":{"line":226,"column":44}},"55":{"start":{"line":229,"column":8},"end":{"line":229,"column":10751}},"56":{"start":{"line":239,"column":8},"end":{"line":239,"column":51}},"57":{"start":{"line":241,"column":8},"end":{"line":241,"column":38}},"58":{"start":{"line":250,"column":8},"end":{"line":250,"column":31}},"59":{"start":{"line":252,"column":8},"end":{"line":252,"column":48}},"60":{"start":{"line":253,"column":8},"end":{"line":253,"column":66}},"61":{"start":{"line":254,"column":8},"end":{"line":254,"column":97}},"62":{"start":{"line":255,"column":8},"end":{"line":255,"column":61}},"63":{"start":{"line":257,"column":8},"end":{"line":257,"column":61}},"64":{"start":{"line":259,"column":8},"end":{"line":259,"column":50}},"65":{"start":{"line":260,"column":8},"end":{"line":260,"column":54}},"66":{"start":{"line":261,"column":8},"end":{"line":261,"column":37}},"67":{"start":{"line":263,"column":8},"end":{"line":263,"column":34}},"68":{"start":{"line":264,"column":8},"end":{"line":264,"column":38}},"69":{"start":{"line":265,"column":8},"end":{"line":265,"column":105}},"70":{"start":{"line":266,"column":8},"end":{"line":266,"column":76}},"71":{"start":{"line":268,"column":8},"end":{"line":268,"column":80}},"72":{"start":{"line":271,"column":8},"end":{"line":271,"column":33}},"73":{"start":{"line":278,"column":8},"end":{"line":278,"column":82}},"74":{"start":{"line":279,"column":8},"end":{"line":279,"column":64}},"75":{"start":{"line":280,"column":8},"end":{"line":280,"column":57}},"76":{"start":{"line":281,"column":8},"end":{"line":281,"column":46}},"77":{"start":{"line":282,"column":8},"end":{"line":282,"column":38}},"78":{"start":{"line":283,"column":8},"end":{"line":283,"column":36}},"79":{"start":{"line":284,"column":8},"end":{"line":284,"column":36}},"80":{"start":{"line":285,"column":8},"end":{"line":285,"column":36}},"81":{"start":{"line":286,"column":8},"end":{"line":286,"column":41}},"82":{"start":{"line":287,"column":8},"end":{"line":287,"column":40}},"83":{"start":{"line":288,"column":8},"end":{"line":288,"column":13461}},"84":{"start":{"line":292,"column":8},"end":{"line":292,"column":56}},"85":{"start":{"line":294,"column":8},"end":{"line":294,"column":28}},"86":{"start":{"line":303,"column":8},"end":{"line":303,"column":20}},"87":{"start":{"line":310,"column":8},"end":{"line":310,"column":60}},"88":{"start":{"line":311,"column":8},"end":{"line":311,"column":56}},"89":{"start":{"line":313,"column":8},"end":{"line":313,"column":21}},"90":{"start":{"line":321,"column":8},"end":{"line":321,"column":14341}},"91":{"start":{"line":323,"column":12},"end":{"line":323,"column":63}},"92":{"start":{"line":324,"column":12},"end":{"line":324,"column":14509}},"93":{"start":{"line":328,"column":12},"end":{"line":328,"column":25}},"94":{"start":{"line":330,"column":12},"end":{"line":330,"column":14716}},"95":{"start":{"line":334,"column":12},"end":{"line":334,"column":24}},"96":{"start":{"line":335,"column":12},"end":{"line":335,"column":25}},"97":{"start":{"line":344,"column":8},"end":{"line":344,"column":75}},"98":{"start":{"line":346,"column":8},"end":{"line":346,"column":33}},"99":{"start":{"line":354,"column":8},"end":{"line":354,"column":75}},"100":{"start":{"line":355,"column":8},"end":{"line":355,"column":15646}},"101":{"start":{"line":356,"column":12},"end":{"line":356,"column":41}},"102":{"start":{"line":365,"column":8},"end":{"line":365,"column":75}},"103":{"start":{"line":367,"column":8},"end":{"line":367,"column":33}},"104":{"start":{"line":374,"column":8},"end":{"line":374,"column":72}},"105":{"start":{"line":375,"column":8},"end":{"line":375,"column":42}},"106":{"start":{"line":376,"column":8},"end":{"line":376,"column":63}},"107":{"start":{"line":384,"column":8},"end":{"line":384,"column":16669}},"108":{"start":{"line":388,"column":8},"end":{"line":388,"column":27}},"109":{"start":{"line":389,"column":8},"end":{"line":389,"column":39}},"110":{"start":{"line":398,"column":8},"end":{"line":398,"column":61}},"111":{"start":{"line":400,"column":8},"end":{"line":400,"column":17246}},"112":{"start":{"line":401,"column":12},"end":{"line":401,"column":20}},"113":{"start":{"line":405,"column":8},"end":{"line":405,"column":66}},"114":{"start":{"line":407,"column":8},"end":{"line":407,"column":17439}},"115":{"start":{"line":408,"column":12},"end":{"line":408,"column":20}},"116":{"start":{"line":412,"column":8},"end":{"line":412,"column":17577}},"117":{"start":{"line":413,"column":12},"end":{"line":413,"column":68}},"118":{"start":{"line":415,"column":12},"end":{"line":415,"column":92}},"119":{"start":{"line":416,"column":12},"end":{"line":416,"column":58}},"120":{"start":{"line":425,"column":8},"end":{"line":425,"column":34}},"121":{"start":{"line":433,"column":8},"end":{"line":433,"column":30}},"122":{"start":{"line":455,"column":8},"end":{"line":455,"column":81}},"123":{"start":{"line":457,"column":8},"end":{"line":457,"column":19098}}},"branchMap":{"1":{"line":82,"type":"if","locations":[{"start":{"line":82,"column":8},"end":{"line":82,"column":8}},{"start":{"line":82,"column":8},"end":{"line":82,"column":8}}]},"2":{"line":88,"type":"if","locations":[{"start":{"line":88,"column":8},"end":{"line":88,"column":8}},{"start":{"line":88,"column":8},"end":{"line":88,"column":8}}]},"3":{"line":93,"type":"if","locations":[{"start":{"line":93,"column":8},"end":{"line":93,"column":8}},{"start":{"line":93,"column":8},"end":{"line":93,"column":8}}]},"4":{"line":94,"type":"if","locations":[{"start":{"line":94,"column":8},"end":{"line":94,"column":8}},{"start":{"line":94,"column":8},"end":{"line":94,"column":8}}]},"5":{"line":99,"type":"if","locations":[{"start":{"line":99,"column":8},"end":{"line":99,"column":8}},{"start":{"line":99,"column":8},"end":{"line":99,"column":8}}]},"6":{"line":100,"type":"if","locations":[{"start":{"line":100,"column":8},"end":{"line":100,"column":8}},{"start":{"line":100,"column":8},"end":{"line":100,"column":8}}]},"7":{"line":101,"type":"if","locations":[{"start":{"line":101,"column":8},"end":{"line":101,"column":8}},{"start":{"line":101,"column":8},"end":{"line":101,"column":8}}]},"8":{"line":107,"type":"if","locations":[{"start":{"line":107,"column":8},"end":{"line":107,"column":8}},{"start":{"line":107,"column":8},"end":{"line":107,"column":8}}]},"9":{"line":108,"type":"if","locations":[{"start":{"line":108,"column":8},"end":{"line":108,"column":8}},{"start":{"line":108,"column":8},"end":{"line":108,"column":8}}]},"10":{"line":113,"type":"if","locations":[{"start":{"line":113,"column":8},"end":{"line":113,"column":8}},{"start":{"line":113,"column":8},"end":{"line":113,"column":8}}]},"11":{"line":114,"type":"if","locations":[{"start":{"line":114,"column":8},"end":{"line":114,"column":8}},{"start":{"line":114,"column":8},"end":{"line":114,"column":8}}]},"12":{"line":115,"type":"if","locations":[{"start":{"line":115,"column":8},"end":{"line":115,"column":8}},{"start":{"line":115,"column":8},"end":{"line":115,"column":8}}]},"13":{"line":120,"type":"if","locations":[{"start":{"line":120,"column":8},"end":{"line":120,"column":8}},{"start":{"line":120,"column":8},"end":{"line":120,"column":8}}]},"14":{"line":121,"type":"if","locations":[{"start":{"line":121,"column":8},"end":{"line":121,"column":8}},{"start":{"line":121,"column":8},"end":{"line":121,"column":8}}]},"15":{"line":160,"type":"if","locations":[{"start":{"line":160,"column":8},"end":{"line":160,"column":8}},{"start":{"line":160,"column":8},"end":{"line":160,"column":8}}]},"16":{"line":161,"type":"if","locations":[{"start":{"line":161,"column":8},"end":{"line":161,"column":8}},{"start":{"line":161,"column":8},"end":{"line":161,"column":8}}]},"17":{"line":162,"type":"if","locations":[{"start":{"line":162,"column":8},"end":{"line":162,"column":8}},{"start":{"line":162,"column":8},"end":{"line":162,"column":8}}]},"18":{"line":163,"type":"if","locations":[{"start":{"line":163,"column":8},"end":{"line":163,"column":8}},{"start":{"line":163,"column":8},"end":{"line":163,"column":8}}]},"19":{"line":191,"type":"if","locations":[{"start":{"line":191,"column":8},"end":{"line":191,"column":8}},{"start":{"line":191,"column":8},"end":{"line":191,"column":8}}]},"20":{"line":192,"type":"if","locations":[{"start":{"line":192,"column":12},"end":{"line":192,"column":12}},{"start":{"line":192,"column":12},"end":{"line":192,"column":12}}]},"21":{"line":206,"type":"if","locations":[{"start":{"line":206,"column":8},"end":{"line":206,"column":8}},{"start":{"line":206,"column":8},"end":{"line":206,"column":8}}]},"22":{"line":209,"type":"if","locations":[{"start":{"line":209,"column":8},"end":{"line":209,"column":8}},{"start":{"line":209,"column":8},"end":{"line":209,"column":8}}]},"23":{"line":219,"type":"if","locations":[{"start":{"line":219,"column":8},"end":{"line":219,"column":8}},{"start":{"line":219,"column":8},"end":{"line":219,"column":8}}]},"24":{"line":221,"type":"if","locations":[{"start":{"line":221,"column":8},"end":{"line":221,"column":8}},{"start":{"line":221,"column":8},"end":{"line":221,"column":8}}]},"25":{"line":224,"type":"if","locations":[{"start":{"line":224,"column":8},"end":{"line":224,"column":8}},{"start":{"line":224,"column":8},"end":{"line":224,"column":8}}]},"26":{"line":253,"type":"if","locations":[{"start":{"line":253,"column":8},"end":{"line":253,"column":8}},{"start":{"line":253,"column":8},"end":{"line":253,"column":8}}]},"27":{"line":254,"type":"if","locations":[{"start":{"line":254,"column":8},"end":{"line":254,"column":8}},{"start":{"line":254,"column":8},"end":{"line":254,"column":8}}]},"28":{"line":265,"type":"if","locations":[{"start":{"line":265,"column":8},"end":{"line":265,"column":8}},{"start":{"line":265,"column":8},"end":{"line":265,"column":8}}]},"29":{"line":266,"type":"if","locations":[{"start":{"line":266,"column":8},"end":{"line":266,"column":8}},{"start":{"line":266,"column":8},"end":{"line":266,"column":8}}]},"30":{"line":278,"type":"if","locations":[{"start":{"line":278,"column":8},"end":{"line":278,"column":8}},{"start":{"line":278,"column":8},"end":{"line":278,"column":8}}]},"31":{"line":288,"type":"if","locations":[{"start":{"line":288,"column":8},"end":{"line":288,"column":8}},{"start":{"line":288,"column":8},"end":{"line":288,"column":8}}]},"32":{"line":310,"type":"if","locations":[{"start":{"line":310,"column":8},"end":{"line":310,"column":8}},{"start":{"line":310,"column":8},"end":{"line":310,"column":8}}]},"33":{"line":311,"type":"if","locations":[{"start":{"line":311,"column":8},"end":{"line":311,"column":8}},{"start":{"line":311,"column":8},"end":{"line":311,"column":8}}]},"34":{"line":321,"type":"if","locations":[{"start":{"line":321,"column":8},"end":{"line":321,"column":8}},{"start":{"line":321,"column":8},"end":{"line":321,"column":8}}]},"35":{"line":324,"type":"if","locations":[{"start":{"line":324,"column":12},"end":{"line":324,"column":12}},{"start":{"line":324,"column":12},"end":{"line":324,"column":12}}]},"36":{"line":330,"type":"if","locations":[{"start":{"line":330,"column":12},"end":{"line":330,"column":12}},{"start":{"line":330,"column":12},"end":{"line":330,"column":12}}]},"37":{"line":344,"type":"if","locations":[{"start":{"line":344,"column":8},"end":{"line":344,"column":8}},{"start":{"line":344,"column":8},"end":{"line":344,"column":8}}]},"38":{"line":354,"type":"if","locations":[{"start":{"line":354,"column":8},"end":{"line":354,"column":8}},{"start":{"line":354,"column":8},"end":{"line":354,"column":8}}]},"39":{"line":365,"type":"if","locations":[{"start":{"line":365,"column":8},"end":{"line":365,"column":8}},{"start":{"line":365,"column":8},"end":{"line":365,"column":8}}]},"40":{"line":384,"type":"if","locations":[{"start":{"line":384,"column":8},"end":{"line":384,"column":8}},{"start":{"line":384,"column":8},"end":{"line":384,"column":8}}]},"41":{"line":400,"type":"if","locations":[{"start":{"line":400,"column":8},"end":{"line":400,"column":8}},{"start":{"line":400,"column":8},"end":{"line":400,"column":8}}]},"42":{"line":407,"type":"if","locations":[{"start":{"line":407,"column":8},"end":{"line":407,"column":8}},{"start":{"line":407,"column":8},"end":{"line":407,"column":8}}]},"43":{"line":412,"type":"if","locations":[{"start":{"line":412,"column":8},"end":{"line":412,"column":8}},{"start":{"line":412,"column":8},"end":{"line":412,"column":8}}]},"44":{"line":455,"type":"if","locations":[{"start":{"line":455,"column":8},"end":{"line":455,"column":8}},{"start":{"line":455,"column":8},"end":{"line":455,"column":8}}]}}},"contracts\\seed\\SeedFactory.sol":{"l":{"39":5,"40":4,"78":6,"79":6,"80":5,"84":5,"86":5,"89":5,"103":1,"105":1},"path":"E:\\curve-labs\\PrimeDAO\\contracts-v2\\contracts\\seed\\SeedFactory.sol","s":{"1":5,"2":4,"3":6,"4":5,"5":5,"6":5,"7":5,"8":1,"9":1},"b":{"1":[4,1],"2":[5,1],"3":[5,0]},"f":{"1":5,"2":6},"fnMap":{"1":{"name":"setMasterCopy","line":38,"loc":{"start":{"line":38,"column":4},"end":{"line":41,"column":4}}},"2":{"name":"deploySeed","line":76,"loc":{"start":{"line":64,"column":4},"end":{"line":106,"column":4}}}},"statementMap":{"1":{"start":{"line":39,"column":8},"end":{"line":39,"column":104}},"2":{"start":{"line":40,"column":8},"end":{"line":40,"column":31}},"3":{"start":{"line":79,"column":12},"end":{"line":79,"column":103}},"4":{"start":{"line":80,"column":12},"end":{"line":80,"column":107}},"5":{"start":{"line":84,"column":8},"end":{"line":84,"column":59}},"6":{"start":{"line":86,"column":8},"end":{"line":86,"column":47}},"7":{"start":{"line":89,"column":8},"end":{"line":89,"column":4010}},"8":{"start":{"line":103,"column":8},"end":{"line":103,"column":55}},"9":{"start":{"line":105,"column":8},"end":{"line":105,"column":23}}},"branchMap":{"1":{"line":39,"type":"if","locations":[{"start":{"line":39,"column":8},"end":{"line":39,"column":8}},{"start":{"line":39,"column":8},"end":{"line":39,"column":8}}]},"2":{"line":79,"type":"if","locations":[{"start":{"line":79,"column":12},"end":{"line":79,"column":12}},{"start":{"line":79,"column":12},"end":{"line":79,"column":12}}]},"3":{"line":80,"type":"if","locations":[{"start":{"line":80,"column":12},"end":{"line":80,"column":12}},{"start":{"line":80,"column":12},"end":{"line":80,"column":12}}]}}},"contracts\\test\\ERC20Mock.sol":{"l":{"9":9},"path":"E:\\curve-labs\\PrimeDAO\\contracts-v2\\contracts\\test\\ERC20Mock.sol","s":{"1":9},"b":{},"f":{"1":9},"fnMap":{"1":{"name":"constructor","line":7,"loc":{"start":{"line":7,"column":4},"end":{"line":10,"column":4}}}},"statementMap":{"1":{"start":{"line":9,"column":8},"end":{"line":9,"column":58}}},"branchMap":{}},"contracts\\test\\Imports.sol":{"l":{},"path":"E:\\curve-labs\\PrimeDAO\\contracts-v2\\contracts\\test\\Imports.sol","s":{},"b":{},"f":{},"fnMap":{},"statementMap":{},"branchMap":{}},"contracts\\test\\PrimeToken.sol":{"l":{"28":9,"29":9},"path":"E:\\curve-labs\\PrimeDAO\\contracts-v2\\contracts\\test\\PrimeToken.sol","s":{"1":9,"2":9},"b":{"1":[9,0]},"f":{"1":9},"fnMap":{"1":{"name":"constructor","line":25,"loc":{"start":{"line":20,"column":4},"end":{"line":30,"column":4}}}},"statementMap":{"1":{"start":{"line":28,"column":8},"end":{"line":28,"column":36}},"2":{"start":{"line":29,"column":8},"end":{"line":29,"column":50}}},"branchMap":{"1":{"line":28,"type":"if","locations":[{"start":{"line":28,"column":8},"end":{"line":28,"column":8}},{"start":{"line":28,"column":8},"end":{"line":28,"column":8}}]}}},"contracts\\utils\\CloneFactory.sol":{"l":{"27":5,"28":5,"38":0,"39":0},"path":"E:\\curve-labs\\PrimeDAO\\contracts-v2\\contracts\\utils\\CloneFactory.sol","s":{"1":5,"2":0},"b":{},"f":{"1":5,"2":0},"fnMap":{"1":{"name":"createClone","line":26,"loc":{"start":{"line":26,"column":4},"end":{"line":35,"column":4}}},"2":{"name":"isClone","line":37,"loc":{"start":{"line":37,"column":4},"end":{"line":52,"column":4}}}},"statementMap":{"1":{"start":{"line":27,"column":8},"end":{"line":27,"column":45}},"2":{"start":{"line":38,"column":8},"end":{"line":38,"column":45}}},"branchMap":{}},"contracts\\utils\\interface\\ISAFE.sol":{"l":{},"path":"E:\\curve-labs\\PrimeDAO\\contracts-v2\\contracts\\utils\\interface\\ISAFE.sol","s":{},"b":{},"f":{},"fnMap":{},"statementMap":{},"branchMap":{}},"contracts\\utils\\Signer.sol":{"l":{"37":8,"41":6,"42":6,"46":4,"47":3,"49":1,"65":6,"66":4,"68":2,"81":2,"82":2,"84":2,"85":2,"86":2,"90":4,"96":2,"97":2},"path":"E:\\curve-labs\\PrimeDAO\\contracts-v2\\contracts\\utils\\Signer.sol","s":{"1":8,"2":6,"3":6,"4":4,"5":3,"6":1,"7":6,"8":4,"9":2,"10":2,"11":2,"12":2,"13":2,"14":2,"15":2,"16":2},"b":{"1":[6,2],"2":[3,1],"3":[4,2],"4":[2,2]},"f":{"1":8,"2":4,"3":6,"4":4,"5":2},"fnMap":{"1":{"name":"constructor","line":36,"loc":{"start":{"line":36,"column":4},"end":{"line":43,"column":4}}},"2":{"name":"isValidSignature","line":45,"loc":{"start":{"line":45,"column":4},"end":{"line":50,"column":4}}},"3":{"name":"generateSignature","line":52,"loc":{"start":{"line":52,"column":4},"end":{"line":87,"column":4}}},"4":{"name":"getFunctionHashFromData","line":89,"loc":{"start":{"line":89,"column":4},"end":{"line":93,"column":4}}},"5":{"name":"getMessageHash","line":95,"loc":{"start":{"line":95,"column":4},"end":{"line":100,"column":4}}}},"statementMap":{"1":{"start":{"line":37,"column":8},"end":{"line":37,"column":1233}},"2":{"start":{"line":41,"column":8},"end":{"line":41,"column":19}},"3":{"start":{"line":42,"column":8},"end":{"line":42,"column":33}},"4":{"start":{"line":46,"column":8},"end":{"line":46,"column":1571}},"5":{"start":{"line":47,"column":12},"end":{"line":47,"column":38}},"6":{"start":{"line":49,"column":8},"end":{"line":49,"column":19}},"7":{"start":{"line":65,"column":8},"end":{"line":65,"column":76}},"8":{"start":{"line":66,"column":8},"end":{"line":66,"column":118}},"9":{"start":{"line":68,"column":8},"end":{"line":68,"column":2333}},"10":{"start":{"line":81,"column":8},"end":{"line":81,"column":85}},"11":{"start":{"line":82,"column":8},"end":{"line":82,"column":55}},"12":{"start":{"line":84,"column":8},"end":{"line":84,"column":130}},"13":{"start":{"line":85,"column":8},"end":{"line":85,"column":71}},"14":{"start":{"line":86,"column":8},"end":{"line":86,"column":46}},"15":{"start":{"line":96,"column":8},"end":{"line":96,"column":83}},"16":{"start":{"line":97,"column":8},"end":{"line":97,"column":3498}}},"branchMap":{"1":{"line":37,"type":"if","locations":[{"start":{"line":37,"column":8},"end":{"line":37,"column":8}},{"start":{"line":37,"column":8},"end":{"line":37,"column":8}}]},"2":{"line":46,"type":"if","locations":[{"start":{"line":46,"column":8},"end":{"line":46,"column":8}},{"start":{"line":46,"column":8},"end":{"line":46,"column":8}}]},"3":{"line":65,"type":"if","locations":[{"start":{"line":65,"column":8},"end":{"line":65,"column":8}},{"start":{"line":65,"column":8},"end":{"line":65,"column":8}}]},"4":{"line":66,"type":"if","locations":[{"start":{"line":66,"column":8},"end":{"line":66,"column":8}},{"start":{"line":66,"column":8},"end":{"line":66,"column":8}}]}}}}