{
"contracts/seed/Seed.sol":{"l":{"82":1,"83":1,"84":1,"88":0,"89":0,"93":0,"94":0,"95":0,"99":0,"100":0,"101":0,"103":0,"107":0,"108":0,"109":0,"113":0,"114":0,"115":0,"116":0,"120":0,"121":0,"122":0,"123":0,"161":1,"162":1,"163":1,"164":1,"166":1,"167":1,"168":1,"169":1,"170":1,"171":1,"172":1,"173":1,"174":1,"175":1,"176":1,"177":1,"178":1,"179":1,"181":1,"182":1,"183":1,"184":1,"192":0,"193":0,"195":0,"198":0,"201":0,"204":0,"207":0,"210":0,"213":0,"216":0,"217":0,"220":0,"222":0,"223":0,"225":0,"226":0,"227":0,"230":0,"240":0,"242":0,"251":0,"253":0,"254":0,"255":0,"256":0,"258":0,"260":0,"261":0,"262":0,"264":0,"265":0,"266":0,"267":0,"269":0,"272":0,"279":0,"280":0,"281":0,"282":0,"283":0,"284":0,"285":0,"286":0,"287":0,"288":0,"289":0,"293":0,"295":0,"304":0,"311":0,"312":0,"314":0,"322":0,"324":0,"325":0,"329":0,"331":0,"335":0,"336":0,"345":0,"347":0,"355":0,"356":0,"357":0,"366":0,"368":0,"375":0,"376":0,"377":0,"385":1,"389":1,"390":1,"399":0,"401":0,"402":0,"406":0,"408":0,"409":0,"413":0,"414":0,"416":0,"417":0,"426":0,"434":0,"456":0,"458":0,"465":0},"path":"/home/konst/Documents/job/contracts-v2/contracts/seed/Seed.sol","s":{"1":1,"2":1,"3":0,"4":0,"5":0,"6":0,"7":0,"8":0,"9":0,"10":0,"11":0,"12":0,"13":0,"14":0,"15":0,"16":0,"17":1,"18":1,"19":1,"20":1,"21":1,"22":1,"23":1,"24":1,"25":1,"26":1,"27":1,"28":1,"29":1,"30":1,"31":1,"32":1,"33":1,"34":1,"35":1,"36":1,"37":1,"38":1,"39":0,"40":0,"41":0,"42":0,"43":0,"44":0,"45":0,"46":0,"47":0,"48":0,"49":0,"50":0,"51":0,"52":0,"53":0,"54":0,"55":0,"56":0,"57":0,"58":0,"59":0,"60":0,"61":0,"62":0,"63":0,"64":0,"65":0,"66":0,"67":0,"68":0,"69":0,"70":0,"71":0,"72":0,"73":0,"74":0,"75":0,"76":0,"77":0,"78":0,"79":0,"80":0,"81":0,"82":0,"83":0,"84":0,"85":0,"86":0,"87":0,"88":0,"89":0,"90":0,"91":0,"92":0,"93":0,"94":0,"95":0,"96":0,"97":0,"98":0,"99":0,"100":0,"101":0,"102":0,"103":0,"104":0,"105":0,"106":0,"107":0,"108":1,"109":1,"110":1,"111":0,"112":0,"113":0,"114":0,"115":0,"116":0,"117":0,"118":0,"119":0,"120":0,"121":0,"122":0,"123":0,"124":0},"b":{"1":[1,0],"2":[0,0],"3":[0,0],"4":[0,0],"5":[0,0],"6":[0,0],"7":[0,0],"8":[0,0],"9":[0,0],"10":[0,0],"11":[0,0],"12":[0,0],"13":[0,0],"14":[0,0],"15":[0,0],"16":[1,0],"17":[1,0],"18":[1,0],"19":[1,0],"20":[0,0],"21":[0,0],"22":[0,0],"23":[0,0],"24":[0,0],"25":[0,0],"26":[0,0],"27":[0,0],"28":[0,0],"29":[0,0],"30":[0,0],"31":[0,0],"32":[0,0],"33":[0,0],"34":[0,0],"35":[0,0],"36":[0,0],"37":[0,0],"38":[0,0],"39":[0,0],"40":[0,0],"41":[1,0],"42":[0,0],"43":[0,0],"44":[0,0],"45":[0,0]},"f":{"1":1,"2":0,"3":0,"4":0,"5":0,"6":0,"7":0,"8":1,"9":0,"10":0,"11":0,"12":0,"13":0,"14":0,"15":0,"16":0,"17":0,"18":0,"19":1,"20":0,"21":0,"22":0,"23":0},"fnMap":{"1":{"name":"initializer","line":81,"loc":{"start":{"line":81,"column":4},"end":{"line":85,"column":4}}},"2":{"name":"onlyAdmin","line":87,"loc":{"start":{"line":87,"column":4},"end":{"line":90,"column":4}}},"3":{"name":"isActive","line":92,"loc":{"start":{"line":92,"column":4},"end":{"line":96,"column":4}}},"4":{"name":"allowedToBuy","line":98,"loc":{"start":{"line":98,"column":4},"end":{"line":104,"column":4}}},"5":{"name":"allowedToClaim","line":106,"loc":{"start":{"line":106,"column":4},"end":{"line":110,"column":4}}},"6":{"name":"allowedToRetrieve","line":112,"loc":{"start":{"line":112,"column":4},"end":{"line":117,"column":4}}},"7":{"name":"allowedToWithdraw","line":119,"loc":{"start":{"line":119,"column":4},"end":{"line":124,"column":4}}},"8":{"name":"initialize","line":157,"loc":{"start":{"line":145,"column":4},"end":{"line":185,"column":4}}},"9":{"name":"buy","line":191,"loc":{"start":{"line":191,"column":4},"end":{"line":243,"column":4}}},"10":{"name":"claim","line":250,"loc":{"start":{"line":250,"column":4},"end":{"line":273,"column":4}}},"11":{"name":"retrieveFundingTokens","line":278,"loc":{"start":{"line":278,"column":4},"end":{"line":296,"column":4}}},"12":{"name":"pause","line":303,"loc":{"start":{"line":303,"column":4},"end":{"line":305,"column":4}}},"13":{"name":"unpause","line":310,"loc":{"start":{"line":310,"column":4},"end":{"line":315,"column":4}}},"14":{"name":"close","line":320,"loc":{"start":{"line":320,"column":4},"end":{"line":338,"column":4}}},"15":{"name":"whitelist","line":344,"loc":{"start":{"line":344,"column":4},"end":{"line":348,"column":4}}},"16":{"name":"whitelistBatch","line":354,"loc":{"start":{"line":354,"column":4},"end":{"line":359,"column":4}}},"17":{"name":"unwhitelist","line":365,"loc":{"start":{"line":365,"column":4},"end":{"line":369,"column":4}}},"18":{"name":"withdraw","line":374,"loc":{"start":{"line":374,"column":4},"end":{"line":378,"column":4}}},"19":{"name":"updateMetadata","line":384,"loc":{"start":{"line":384,"column":4},"end":{"line":391,"column":4}}},"20":{"name":"calculateClaim","line":398,"loc":{"start":{"line":398,"column":4},"end":{"line":419,"column":4}}},"21":{"name":"checkWhitelisted","line":425,"loc":{"start":{"line":425,"column":4},"end":{"line":427,"column":4}}},"22":{"name":"_currentTime","line":433,"loc":{"start":{"line":433,"column":4},"end":{"line":435,"column":4}}},"23":{"name":"_addFunder","line":445,"loc":{"start":{"line":445,"column":4},"end":{"line":466,"column":4}}}},"statementMap":{"1":{"start":{"line":82,"column":8},"end":{"line":82,"column":66}},"2":{"start":{"line":83,"column":8},"end":{"line":83,"column":25}},"3":{"start":{"line":88,"column":8},"end":{"line":88,"column":67}},"4":{"start":{"line":93,"column":8},"end":{"line":93,"column":53}},"5":{"start":{"line":94,"column":8},"end":{"line":94,"column":53}},"6":{"start":{"line":99,"column":8},"end":{"line":99,"column":64}},"7":{"start":{"line":100,"column":8},"end":{"line":100,"column":90}},"8":{"start":{"line":101,"column":8},"end":{"line":101,"column":4823}},"9":{"start":{"line":107,"column":8},"end":{"line":107,"column":70}},"10":{"start":{"line":108,"column":8},"end":{"line":108,"column":106}},"11":{"start":{"line":113,"column":8},"end":{"line":113,"column":53}},"12":{"start":{"line":114,"column":8},"end":{"line":114,"column":82}},"13":{"start":{"line":115,"column":8},"end":{"line":115,"column":60}},"14":{"start":{"line":120,"column":8},"end":{"line":120,"column":53}},"15":{"start":{"line":121,"column":8},"end":{"line":121,"column":53}},"16":{"start":{"line":122,"column":8},"end":{"line":122,"column":70}},"17":{"start":{"line":161,"column":8},"end":{"line":161,"column":89}},"18":{"start":{"line":162,"column":8},"end":{"line":162,"column":115}},"19":{"start":{"line":163,"column":8},"end":{"line":163,"column":114}},"20":{"start":{"line":164,"column":8},"end":{"line":164,"column":100}},"21":{"start":{"line":166,"column":8},"end":{"line":166,"column":39}},"22":{"start":{"line":167,"column":8},"end":{"line":167,"column":33}},"23":{"start":{"line":168,"column":8},"end":{"line":168,"column":49}},"24":{"start":{"line":169,"column":8},"end":{"line":169,"column":49}},"25":{"start":{"line":170,"column":8},"end":{"line":170,"column":33}},"26":{"start":{"line":171,"column":8},"end":{"line":171,"column":37}},"27":{"start":{"line":172,"column":8},"end":{"line":172,"column":35}},"28":{"start":{"line":173,"column":8},"end":{"line":173,"column":34}},"29":{"start":{"line":174,"column":8},"end":{"line":174,"column":43}},"30":{"start":{"line":175,"column":8},"end":{"line":175,"column":40}},"31":{"start":{"line":176,"column":8},"end":{"line":176,"column":44}},"32":{"start":{"line":177,"column":8},"end":{"line":177,"column":45}},"33":{"start":{"line":178,"column":8},"end":{"line":178,"column":45}},"34":{"start":{"line":179,"column":8},"end":{"line":179,"column":31}},"35":{"start":{"line":181,"column":8},"end":{"line":181,"column":55}},"36":{"start":{"line":182,"column":8},"end":{"line":182,"column":59}},"37":{"start":{"line":183,"column":8},"end":{"line":183,"column":46}},"38":{"start":{"line":184,"column":8},"end":{"line":184,"column":45}},"39":{"start":{"line":192,"column":8},"end":{"line":192,"column":9060}},"40":{"start":{"line":193,"column":12},"end":{"line":193,"column":9134}},"41":{"start":{"line":195,"column":12},"end":{"line":195,"column":26}},"42":{"start":{"line":198,"column":8},"end":{"line":198,"column":60}},"43":{"start":{"line":201,"column":8},"end":{"line":201,"column":49}},"44":{"start":{"line":204,"column":8},"end":{"line":204,"column":50}},"45":{"start":{"line":207,"column":8},"end":{"line":207,"column":9787}},"46":{"start":{"line":210,"column":8},"end":{"line":210,"column":9907}},"47":{"start":{"line":213,"column":8},"end":{"line":213,"column":57}},"48":{"start":{"line":216,"column":8},"end":{"line":216,"column":34}},"49":{"start":{"line":217,"column":8},"end":{"line":217,"column":33}},"50":{"start":{"line":220,"column":8},"end":{"line":220,"column":103}},"51":{"start":{"line":222,"column":8},"end":{"line":222,"column":10351}},"52":{"start":{"line":223,"column":12},"end":{"line":223,"column":32}},"53":{"start":{"line":225,"column":8},"end":{"line":225,"column":10439}},"54":{"start":{"line":226,"column":12},"end":{"line":226,"column":32}},"55":{"start":{"line":227,"column":12},"end":{"line":227,"column":44}},"56":{"start":{"line":230,"column":8},"end":{"line":230,"column":10579}},"57":{"start":{"line":240,"column":8},"end":{"line":240,"column":51}},"58":{"start":{"line":242,"column":8},"end":{"line":242,"column":38}},"59":{"start":{"line":251,"column":8},"end":{"line":251,"column":31}},"60":{"start":{"line":253,"column":8},"end":{"line":253,"column":48}},"61":{"start":{"line":254,"column":8},"end":{"line":254,"column":66}},"62":{"start":{"line":255,"column":8},"end":{"line":255,"column":97}},"63":{"start":{"line":256,"column":8},"end":{"line":256,"column":61}},"64":{"start":{"line":258,"column":8},"end":{"line":258,"column":61}},"65":{"start":{"line":260,"column":8},"end":{"line":260,"column":50}},"66":{"start":{"line":261,"column":8},"end":{"line":261,"column":54}},"67":{"start":{"line":262,"column":8},"end":{"line":262,"column":37}},"68":{"start":{"line":264,"column":8},"end":{"line":264,"column":34}},"69":{"start":{"line":265,"column":8},"end":{"line":265,"column":38}},"70":{"start":{"line":266,"column":8},"end":{"line":266,"column":105}},"71":{"start":{"line":267,"column":8},"end":{"line":267,"column":76}},"72":{"start":{"line":269,"column":8},"end":{"line":269,"column":80}},"73":{"start":{"line":272,"column":8},"end":{"line":272,"column":33}},"74":{"start":{"line":279,"column":8},"end":{"line":279,"column":82}},"75":{"start":{"line":280,"column":8},"end":{"line":280,"column":64}},"76":{"start":{"line":281,"column":8},"end":{"line":281,"column":57}},"77":{"start":{"line":282,"column":8},"end":{"line":282,"column":46}},"78":{"start":{"line":283,"column":8},"end":{"line":283,"column":38}},"79":{"start":{"line":284,"column":8},"end":{"line":284,"column":36}},"80":{"start":{"line":285,"column":8},"end":{"line":285,"column":36}},"81":{"start":{"line":286,"column":8},"end":{"line":286,"column":36}},"82":{"start":{"line":287,"column":8},"end":{"line":287,"column":41}},"83":{"start":{"line":288,"column":8},"end":{"line":288,"column":40}},"84":{"start":{"line":289,"column":8},"end":{"line":289,"column":13232}},"85":{"start":{"line":293,"column":8},"end":{"line":293,"column":56}},"86":{"start":{"line":295,"column":8},"end":{"line":295,"column":28}},"87":{"start":{"line":304,"column":8},"end":{"line":304,"column":20}},"88":{"start":{"line":311,"column":8},"end":{"line":311,"column":60}},"89":{"start":{"line":312,"column":8},"end":{"line":312,"column":56}},"90":{"start":{"line":314,"column":8},"end":{"line":314,"column":21}},"91":{"start":{"line":322,"column":8},"end":{"line":322,"column":14079}},"92":{"start":{"line":324,"column":12},"end":{"line":324,"column":63}},"93":{"start":{"line":325,"column":12},"end":{"line":325,"column":14244}},"94":{"start":{"line":329,"column":12},"end":{"line":329,"column":25}},"95":{"start":{"line":331,"column":12},"end":{"line":331,"column":14445}},"96":{"start":{"line":335,"column":12},"end":{"line":335,"column":24}},"97":{"start":{"line":336,"column":12},"end":{"line":336,"column":25}},"98":{"start":{"line":345,"column":8},"end":{"line":345,"column":75}},"99":{"start":{"line":347,"column":8},"end":{"line":347,"column":33}},"100":{"start":{"line":355,"column":8},"end":{"line":355,"column":75}},"101":{"start":{"line":356,"column":8},"end":{"line":356,"column":15350}},"102":{"start":{"line":357,"column":12},"end":{"line":357,"column":41}},"103":{"start":{"line":366,"column":8},"end":{"line":366,"column":75}},"104":{"start":{"line":368,"column":8},"end":{"line":368,"column":33}},"105":{"start":{"line":375,"column":8},"end":{"line":375,"column":72}},"106":{"start":{"line":376,"column":8},"end":{"line":376,"column":42}},"107":{"start":{"line":377,"column":8},"end":{"line":377,"column":63}},"108":{"start":{"line":385,"column":8},"end":{"line":385,"column":16344}},"109":{"start":{"line":389,"column":8},"end":{"line":389,"column":27}},"110":{"start":{"line":390,"column":8},"end":{"line":390,"column":39}},"111":{"start":{"line":399,"column":8},"end":{"line":399,"column":61}},"112":{"start":{"line":401,"column":8},"end":{"line":401,"column":16905}},"113":{"start":{"line":402,"column":12},"end":{"line":402,"column":20}},"114":{"start":{"line":406,"column":8},"end":{"line":406,"column":66}},"115":{"start":{"line":408,"column":8},"end":{"line":408,"column":17091}},"116":{"start":{"line":409,"column":12},"end":{"line":409,"column":20}},"117":{"start":{"line":413,"column":8},"end":{"line":413,"column":17224}},"118":{"start":{"line":414,"column":12},"end":{"line":414,"column":68}},"119":{"start":{"line":416,"column":12},"end":{"line":416,"column":92}},"120":{"start":{"line":417,"column":12},"end":{"line":417,"column":58}},"121":{"start":{"line":426,"column":8},"end":{"line":426,"column":34}},"122":{"start":{"line":434,"column":8},"end":{"line":434,"column":30}},"123":{"start":{"line":456,"column":8},"end":{"line":456,"column":81}},"124":{"start":{"line":458,"column":8},"end":{"line":458,"column":18704}}},"branchMap":{"1":{"line":82,"type":"if","locations":[{"start":{"line":82,"column":8},"end":{"line":82,"column":8}},{"start":{"line":82,"column":8},"end":{"line":82,"column":8}}]},"2":{"line":88,"type":"if","locations":[{"start":{"line":88,"column":8},"end":{"line":88,"column":8}},{"start":{"line":88,"column":8},"end":{"line":88,"column":8}}]},"3":{"line":93,"type":"if","locations":[{"start":{"line":93,"column":8},"end":{"line":93,"column":8}},{"start":{"line":93,"column":8},"end":{"line":93,"column":8}}]},"4":{"line":94,"type":"if","locations":[{"start":{"line":94,"column":8},"end":{"line":94,"column":8}},{"start":{"line":94,"column":8},"end":{"line":94,"column":8}}]},"5":{"line":99,"type":"if","locations":[{"start":{"line":99,"column":8},"end":{"line":99,"column":8}},{"start":{"line":99,"column":8},"end":{"line":99,"column":8}}]},"6":{"line":100,"type":"if","locations":[{"start":{"line":100,"column":8},"end":{"line":100,"column":8}},{"start":{"line":100,"column":8},"end":{"line":100,"column":8}}]},"7":{"line":101,"type":"if","locations":[{"start":{"line":101,"column":8},"end":{"line":101,"column":8}},{"start":{"line":101,"column":8},"end":{"line":101,"column":8}}]},"8":{"line":107,"type":"if","locations":[{"start":{"line":107,"column":8},"end":{"line":107,"column":8}},{"start":{"line":107,"column":8},"end":{"line":107,"column":8}}]},"9":{"line":108,"type":"if","locations":[{"start":{"line":108,"column":8},"end":{"line":108,"column":8}},{"start":{"line":108,"column":8},"end":{"line":108,"column":8}}]},"10":{"line":113,"type":"if","locations":[{"start":{"line":113,"column":8},"end":{"line":113,"column":8}},{"start":{"line":113,"column":8},"end":{"line":113,"column":8}}]},"11":{"line":114,"type":"if","locations":[{"start":{"line":114,"column":8},"end":{"line":114,"column":8}},{"start":{"line":114,"column":8},"end":{"line":114,"column":8}}]},"12":{"line":115,"type":"if","locations":[{"start":{"line":115,"column":8},"end":{"line":115,"column":8}},{"start":{"line":115,"column":8},"end":{"line":115,"column":8}}]},"13":{"line":120,"type":"if","locations":[{"start":{"line":120,"column":8},"end":{"line":120,"column":8}},{"start":{"line":120,"column":8},"end":{"line":120,"column":8}}]},"14":{"line":121,"type":"if","locations":[{"start":{"line":121,"column":8},"end":{"line":121,"column":8}},{"start":{"line":121,"column":8},"end":{"line":121,"column":8}}]},"15":{"line":122,"type":"if","locations":[{"start":{"line":122,"column":8},"end":{"line":122,"column":8}},{"start":{"line":122,"column":8},"end":{"line":122,"column":8}}]},"16":{"line":161,"type":"if","locations":[{"start":{"line":161,"column":8},"end":{"line":161,"column":8}},{"start":{"line":161,"column":8},"end":{"line":161,"column":8}}]},"17":{"line":162,"type":"if","locations":[{"start":{"line":162,"column":8},"end":{"line":162,"column":8}},{"start":{"line":162,"column":8},"end":{"line":162,"column":8}}]},"18":{"line":163,"type":"if","locations":[{"start":{"line":163,"column":8},"end":{"line":163,"column":8}},{"start":{"line":163,"column":8},"end":{"line":163,"column":8}}]},"19":{"line":164,"type":"if","locations":[{"start":{"line":164,"column":8},"end":{"line":164,"column":8}},{"start":{"line":164,"column":8},"end":{"line":164,"column":8}}]},"20":{"line":192,"type":"if","locations":[{"start":{"line":192,"column":8},"end":{"line":192,"column":8}},{"start":{"line":192,"column":8},"end":{"line":192,"column":8}}]},"21":{"line":193,"type":"if","locations":[{"start":{"line":193,"column":12},"end":{"line":193,"column":12}},{"start":{"line":193,"column":12},"end":{"line":193,"column":12}}]},"22":{"line":207,"type":"if","locations":[{"start":{"line":207,"column":8},"end":{"line":207,"column":8}},{"start":{"line":207,"column":8},"end":{"line":207,"column":8}}]},"23":{"line":210,"type":"if","locations":[{"start":{"line":210,"column":8},"end":{"line":210,"column":8}},{"start":{"line":210,"column":8},"end":{"line":210,"column":8}}]},"24":{"line":220,"type":"if","locations":[{"start":{"line":220,"column":8},"end":{"line":220,"column":8}},{"start":{"line":220,"column":8},"end":{"line":220,"column":8}}]},"25":{"line":222,"type":"if","locations":[{"start":{"line":222,"column":8},"end":{"line":222,"column":8}},{"start":{"line":222,"column":8},"end":{"line":222,"column":8}}]},"26":{"line":225,"type":"if","locations":[{"start":{"line":225,"column":8},"end":{"line":225,"column":8}},{"start":{"line":225,"column":8},"end":{"line":225,"column":8}}]},"27":{"line":254,"type":"if","locations":[{"start":{"line":254,"column":8},"end":{"line":254,"column":8}},{"start":{"line":254,"column":8},"end":{"line":254,"column":8}}]},"28":{"line":255,"type":"if","locations":[{"start":{"line":255,"column":8},"end":{"line":255,"column":8}},{"start":{"line":255,"column":8},"end":{"line":255,"column":8}}]},"29":{"line":266,"type":"if","locations":[{"start":{"line":266,"column":8},"end":{"line":266,"column":8}},{"start":{"line":266,"column":8},"end":{"line":266,"column":8}}]},"30":{"line":267,"type":"if","locations":[{"start":{"line":267,"column":8},"end":{"line":267,"column":8}},{"start":{"line":267,"column":8},"end":{"line":267,"column":8}}]},"31":{"line":279,"type":"if","locations":[{"start":{"line":279,"column":8},"end":{"line":279,"column":8}},{"start":{"line":279,"column":8},"end":{"line":279,"column":8}}]},"32":{"line":289,"type":"if","locations":[{"start":{"line":289,"column":8},"end":{"line":289,"column":8}},{"start":{"line":289,"column":8},"end":{"line":289,"column":8}}]},"33":{"line":311,"type":"if","locations":[{"start":{"line":311,"column":8},"end":{"line":311,"column":8}},{"start":{"line":311,"column":8},"end":{"line":311,"column":8}}]},"34":{"line":312,"type":"if","locations":[{"start":{"line":312,"column":8},"end":{"line":312,"column":8}},{"start":{"line":312,"column":8},"end":{"line":312,"column":8}}]},"35":{"line":322,"type":"if","locations":[{"start":{"line":322,"column":8},"end":{"line":322,"column":8}},{"start":{"line":322,"column":8},"end":{"line":322,"column":8}}]},"36":{"line":325,"type":"if","locations":[{"start":{"line":325,"column":12},"end":{"line":325,"column":12}},{"start":{"line":325,"column":12},"end":{"line":325,"column":12}}]},"37":{"line":331,"type":"if","locations":[{"start":{"line":331,"column":12},"end":{"line":331,"column":12}},{"start":{"line":331,"column":12},"end":{"line":331,"column":12}}]},"38":{"line":345,"type":"if","locations":[{"start":{"line":345,"column":8},"end":{"line":345,"column":8}},{"start":{"line":345,"column":8},"end":{"line":345,"column":8}}]},"39":{"line":355,"type":"if","locations":[{"start":{"line":355,"column":8},"end":{"line":355,"column":8}},{"start":{"line":355,"column":8},"end":{"line":355,"column":8}}]},"40":{"line":366,"type":"if","locations":[{"start":{"line":366,"column":8},"end":{"line":366,"column":8}},{"start":{"line":366,"column":8},"end":{"line":366,"column":8}}]},"41":{"line":385,"type":"if","locations":[{"start":{"line":385,"column":8},"end":{"line":385,"column":8}},{"start":{"line":385,"column":8},"end":{"line":385,"column":8}}]},"42":{"line":401,"type":"if","locations":[{"start":{"line":401,"column":8},"end":{"line":401,"column":8}},{"start":{"line":401,"column":8},"end":{"line":401,"column":8}}]},"43":{"line":408,"type":"if","locations":[{"start":{"line":408,"column":8},"end":{"line":408,"column":8}},{"start":{"line":408,"column":8},"end":{"line":408,"column":8}}]},"44":{"line":413,"type":"if","locations":[{"start":{"line":413,"column":8},"end":{"line":413,"column":8}},{"start":{"line":413,"column":8},"end":{"line":413,"column":8}}]},"45":{"line":456,"type":"if","locations":[{"start":{"line":456,"column":8},"end":{"line":456,"column":8}},{"start":{"line":456,"column":8},"end":{"line":456,"column":8}}]}}},
"contracts/seed/SeedFactory.sol":{"l":{"39":1,"40":1,"78":1,"79":1,"80":1,"84":1,"86":1,"89":1,"103":1,"105":1},"path":"/home/konst/Documents/job/contracts-v2/contracts/seed/SeedFactory.sol","s":{"1":1,"2":1,"3":1,"4":1,"5":1,"6":1,"7":1,"8":1,"9":1},"b":{"1":[1,0],"2":[1,0],"3":[1,0]},"f":{"1":1,"2":1},"fnMap":{"1":{"name":"setMasterCopy","line":38,"loc":{"start":{"line":38,"column":4},"end":{"line":41,"column":4}}},"2":{"name":"deploySeed","line":76,"loc":{"start":{"line":64,"column":4},"end":{"line":106,"column":4}}}},"statementMap":{"1":{"start":{"line":39,"column":8},"end":{"line":39,"column":104}},"2":{"start":{"line":40,"column":8},"end":{"line":40,"column":31}},"3":{"start":{"line":79,"column":12},"end":{"line":79,"column":103}},"4":{"start":{"line":80,"column":12},"end":{"line":80,"column":107}},"5":{"start":{"line":84,"column":8},"end":{"line":84,"column":59}},"6":{"start":{"line":86,"column":8},"end":{"line":86,"column":47}},"7":{"start":{"line":89,"column":8},"end":{"line":89,"column":3922}},"8":{"start":{"line":103,"column":8},"end":{"line":103,"column":55}},"9":{"start":{"line":105,"column":8},"end":{"line":105,"column":23}}},"branchMap":{"1":{"line":39,"type":"if","locations":[{"start":{"line":39,"column":8},"end":{"line":39,"column":8}},{"start":{"line":39,"column":8},"end":{"line":39,"column":8}}]},"2":{"line":79,"type":"if","locations":[{"start":{"line":79,"column":12},"end":{"line":79,"column":12}},{"start":{"line":79,"column":12},"end":{"line":79,"column":12}}]},"3":{"line":80,"type":"if","locations":[{"start":{"line":80,"column":12},"end":{"line":80,"column":12}},{"start":{"line":80,"column":12},"end":{"line":80,"column":12}}]}}},
"contracts/test/Imports.sol":{"l":{},"path":"/home/konst/Documents/job/contracts-v2/contracts/test/Imports.sol","s":{},"b":{},"f":{},"fnMap":{},"statementMap":{},"branchMap":{}},
"contracts/utils/CloneFactory.sol":{"l":{"27":1,"28":1,"38":0,"39":0},"path":"/home/konst/Documents/job/contracts-v2/contracts/utils/CloneFactory.sol","s":{"1":1,"2":0},"b":{},"f":{"1":1,"2":0},"fnMap":{"1":{"name":"createClone","line":26,"loc":{"start":{"line":26,"column":4},"end":{"line":35,"column":4}}},"2":{"name":"isClone","line":37,"loc":{"start":{"line":37,"column":4},"end":{"line":52,"column":4}}}},"statementMap":{"1":{"start":{"line":27,"column":8},"end":{"line":27,"column":45}},"2":{"start":{"line":38,"column":8},"end":{"line":38,"column":45}}},"branchMap":{}},
"contracts/utils/interface/ISAFE.sol":{"l":{},"path":"/home/konst/Documents/job/contracts-v2/contracts/utils/interface/ISAFE.sol","s":{},"b":{},"f":{},"fnMap":{},"statementMap":{},"branchMap":{}},
"contracts/utils/Signer.sol":{"l":{"37":3,"38":3,"42":2,"43":2,"45":0,"61":3,"62":2,"64":1,"77":1,"78":1,"80":1,"81":1,"82":1,"86":2,"92":1,"93":1},"path":"/home/konst/Documents/job/contracts-v2/contracts/utils/Signer.sol","s":{"1":3,"2":3,"3":2,"4":2,"5":0,"6":3,"7":2,"8":1,"9":1,"10":1,"11":1,"12":1,"13":1,"14":1,"15":1},"b":{"1":[2,0],"2":[2,1],"3":[1,1]},"f":{"1":3,"2":2,"3":3,"4":2,"5":1},"fnMap":{"1":{"name":"constructor","line":36,"loc":{"start":{"line":36,"column":4},"end":{"line":39,"column":4}}},"2":{"name":"isValidSignature","line":41,"loc":{"start":{"line":41,"column":4},"end":{"line":46,"column":4}}},"3":{"name":"generateSignature","line":48,"loc":{"start":{"line":48,"column":4},"end":{"line":83,"column":4}}},"4":{"name":"getFunctionHashFromData","line":85,"loc":{"start":{"line":85,"column":4},"end":{"line":89,"column":4}}},"5":{"name":"getMessageHash","line":91,"loc":{"start":{"line":91,"column":4},"end":{"line":95,"column":4}}}},"statementMap":{"1":{"start":{"line":37,"column":8},"end":{"line":37,"column":19}},"2":{"start":{"line":38,"column":8},"end":{"line":38,"column":33}},"3":{"start":{"line":42,"column":8},"end":{"line":42,"column":1408}},"4":{"start":{"line":43,"column":12},"end":{"line":43,"column":38}},"5":{"start":{"line":45,"column":8},"end":{"line":45,"column":19}},"6":{"start":{"line":61,"column":8},"end":{"line":61,"column":76}},"7":{"start":{"line":62,"column":8},"end":{"line":62,"column":118}},"8":{"start":{"line":64,"column":8},"end":{"line":64,"column":2107}},"9":{"start":{"line":77,"column":8},"end":{"line":77,"column":85}},"10":{"start":{"line":78,"column":8},"end":{"line":78,"column":55}},"11":{"start":{"line":80,"column":8},"end":{"line":80,"column":130}},"12":{"start":{"line":81,"column":8},"end":{"line":81,"column":42}},"13":{"start":{"line":82,"column":8},"end":{"line":82,"column":46}},"14":{"start":{"line":92,"column":8},"end":{"line":92,"column":83}},"15":{"start":{"line":93,"column":8},"end":{"line":93,"column":3228}}},"branchMap":{"1":{"line":42,"type":"if","locations":[{"start":{"line":42,"column":8},"end":{"line":42,"column":8}},{"start":{"line":42,"column":8},"end":{"line":42,"column":8}}]},"2":{"line":61,"type":"if","locations":[{"start":{"line":61,"column":8},"end":{"line":61,"column":8}},{"start":{"line":61,"column":8},"end":{"line":61,"column":8}}]},"3":{"line":62,"type":"if","locations":[{"start":{"line":62,"column":8},"end":{"line":62,"column":8}},{"start":{"line":62,"column":8},"end":{"line":62,"column":8}}]}}}}
