TN:
SF:/home/konst/Documents/job/contracts-v2/contracts/seed/Seed.sol
FN:81,initializer
FN:87,onlyAdmin
FN:92,isActive
FN:98,allowedToBuy
FN:106,allowedToClaim
FN:112,allowedToRetrieve
FN:119,allowedToWithdraw
FN:157,initialize
FN:191,buy
FN:250,claim
FN:278,retrieveFundingTokens
FN:303,pause
FN:310,unpause
FN:320,close
FN:344,whitelist
FN:354,whitelistBatch
FN:365,unwhitelist
FN:374,withdraw
FN:384,updateMetadata
FN:398,calculateClaim
FN:425,checkWhitelisted
FN:433,_currentTime
FN:445,_addFunder
FNF:23
FNH:3
FNDA:1,initializer
FNDA:0,onlyAdmin
FNDA:0,isActive
FNDA:0,allowedToBuy
FNDA:0,allowedToClaim
FNDA:0,allowedToRetrieve
FNDA:0,allowedToWithdraw
FNDA:1,initialize
FNDA:0,buy
FNDA:0,claim
FNDA:0,retrieveFundingTokens
FNDA:0,pause
FNDA:0,unpause
FNDA:0,close
FNDA:0,whitelist
FNDA:0,whitelistBatch
FNDA:0,unwhitelist
FNDA:0,withdraw
FNDA:1,updateMetadata
FNDA:0,calculateClaim
FNDA:0,checkWhitelisted
FNDA:0,_currentTime
FNDA:0,_addFunder
DA:82,1
DA:83,1
DA:84,1
DA:88,0
DA:89,0
DA:93,0
DA:94,0
DA:95,0
DA:99,0
DA:100,0
DA:101,0
DA:103,0
DA:107,0
DA:108,0
DA:109,0
DA:113,0
DA:114,0
DA:115,0
DA:116,0
DA:120,0
DA:121,0
DA:122,0
DA:123,0
DA:161,1
DA:162,1
DA:163,1
DA:164,1
DA:166,1
DA:167,1
DA:168,1
DA:169,1
DA:170,1
DA:171,1
DA:172,1
DA:173,1
DA:174,1
DA:175,1
DA:176,1
DA:177,1
DA:178,1
DA:179,1
DA:181,1
DA:182,1
DA:183,1
DA:184,1
DA:192,0
DA:193,0
DA:195,0
DA:198,0
DA:201,0
DA:204,0
DA:207,0
DA:210,0
DA:213,0
DA:216,0
DA:217,0
DA:220,0
DA:222,0
DA:223,0
DA:225,0
DA:226,0
DA:227,0
DA:230,0
DA:240,0
DA:242,0
DA:251,0
DA:253,0
DA:254,0
DA:255,0
DA:256,0
DA:258,0
DA:260,0
DA:261,0
DA:262,0
DA:264,0
DA:265,0
DA:266,0
DA:267,0
DA:269,0
DA:272,0
DA:279,0
DA:280,0
DA:281,0
DA:282,0
DA:283,0
DA:284,0
DA:285,0
DA:286,0
DA:287,0
DA:288,0
DA:289,0
DA:293,0
DA:295,0
DA:304,0
DA:311,0
DA:312,0
DA:314,0
DA:322,0
DA:324,0
DA:325,0
DA:329,0
DA:331,0
DA:335,0
DA:336,0
DA:345,0
DA:347,0
DA:355,0
DA:356,0
DA:357,0
DA:366,0
DA:368,0
DA:375,0
DA:376,0
DA:377,0
DA:385,1
DA:389,1
DA:390,1
DA:399,0
DA:401,0
DA:402,0
DA:406,0
DA:408,0
DA:409,0
DA:413,0
DA:414,0
DA:416,0
DA:417,0
DA:426,0
DA:434,0
DA:456,0
DA:458,0
DA:465,0
LF:132
LH:28
BRDA:82,1,0,1
BRDA:82,1,1,0
BRDA:88,2,0,0
BRDA:88,2,1,0
BRDA:93,3,0,0
BRDA:93,3,1,0
BRDA:94,4,0,0
BRDA:94,4,1,0
BRDA:99,5,0,0
BRDA:99,5,1,0
BRDA:100,6,0,0
BRDA:100,6,1,0
BRDA:101,7,0,0
BRDA:101,7,1,0
BRDA:107,8,0,0
BRDA:107,8,1,0
BRDA:108,9,0,0
BRDA:108,9,1,0
BRDA:113,10,0,0
BRDA:113,10,1,0
BRDA:114,11,0,0
BRDA:114,11,1,0
BRDA:115,12,0,0
BRDA:115,12,1,0
BRDA:120,13,0,0
BRDA:120,13,1,0
BRDA:121,14,0,0
BRDA:121,14,1,0
BRDA:122,15,0,0
BRDA:122,15,1,0
BRDA:161,16,0,1
BRDA:161,16,1,0
BRDA:162,17,0,1
BRDA:162,17,1,0
BRDA:163,18,0,1
BRDA:163,18,1,0
BRDA:164,19,0,1
BRDA:164,19,1,0
BRDA:192,20,0,0
BRDA:192,20,1,0
BRDA:193,21,0,0
BRDA:193,21,1,0
BRDA:207,22,0,0
BRDA:207,22,1,0
BRDA:210,23,0,0
BRDA:210,23,1,0
BRDA:220,24,0,0
BRDA:220,24,1,0
BRDA:222,25,0,0
BRDA:222,25,1,0
BRDA:225,26,0,0
BRDA:225,26,1,0
BRDA:254,27,0,0
BRDA:254,27,1,0
BRDA:255,28,0,0
BRDA:255,28,1,0
BRDA:266,29,0,0
BRDA:266,29,1,0
BRDA:267,30,0,0
BRDA:267,30,1,0
BRDA:279,31,0,0
BRDA:279,31,1,0
BRDA:289,32,0,0
BRDA:289,32,1,0
BRDA:311,33,0,0
BRDA:311,33,1,0
BRDA:312,34,0,0
BRDA:312,34,1,0
BRDA:322,35,0,0
BRDA:322,35,1,0
BRDA:325,36,0,0
BRDA:325,36,1,0
BRDA:331,37,0,0
BRDA:331,37,1,0
BRDA:345,38,0,0
BRDA:345,38,1,0
BRDA:355,39,0,0
BRDA:355,39,1,0
BRDA:366,40,0,0
BRDA:366,40,1,0
BRDA:385,41,0,1
BRDA:385,41,1,0
BRDA:401,42,0,0
BRDA:401,42,1,0
BRDA:408,43,0,0
BRDA:408,43,1,0
BRDA:413,44,0,0
BRDA:413,44,1,0
BRDA:456,45,0,0
BRDA:456,45,1,0
BRF:90
BRH:6
end_of_record
TN:
SF:/home/konst/Documents/job/contracts-v2/contracts/seed/SeedFactory.sol
FN:38,setMasterCopy
FN:76,deploySeed
FNF:2
FNH:2
FNDA:1,setMasterCopy
FNDA:1,deploySeed
DA:39,1
DA:40,1
DA:78,1
DA:79,1
DA:80,1
DA:84,1
DA:86,1
DA:89,1
DA:103,1
DA:105,1
LF:10
LH:10
BRDA:39,1,0,1
BRDA:39,1,1,0
BRDA:79,2,0,1
BRDA:79,2,1,0
BRDA:80,3,0,1
BRDA:80,3,1,0
BRF:6
BRH:3
end_of_record
TN:
SF:/home/konst/Documents/job/contracts-v2/contracts/test/Imports.sol
FNF:0
FNH:0
LF:0
LH:0
BRF:0
BRH:0
end_of_record
TN:
SF:/home/konst/Documents/job/contracts-v2/contracts/utils/CloneFactory.sol
FN:26,createClone
FN:37,isClone
FNF:2
FNH:1
FNDA:1,createClone
FNDA:0,isClone
DA:27,1
DA:28,1
DA:38,0
DA:39,0
LF:4
LH:2
BRF:0
BRH:0
end_of_record
TN:
SF:/home/konst/Documents/job/contracts-v2/contracts/utils/interface/ISAFE.sol
FNF:0
FNH:0
LF:0
LH:0
BRF:0
BRH:0
end_of_record
TN:
SF:/home/konst/Documents/job/contracts-v2/contracts/utils/Signer.sol
FN:36,constructor
FN:41,isValidSignature
FN:48,generateSignature
FN:85,getFunctionHashFromData
FN:91,getMessageHash
FNF:5
FNH:5
FNDA:3,constructor
FNDA:2,isValidSignature
FNDA:3,generateSignature
FNDA:2,getFunctionHashFromData
FNDA:1,getMessageHash
DA:37,3
DA:38,3
DA:42,2
DA:43,2
DA:45,0
DA:61,3
DA:62,2
DA:64,1
DA:77,1
DA:78,1
DA:80,1
DA:81,1
DA:82,1
DA:86,2
DA:92,1
DA:93,1
LF:16
LH:15
BRDA:42,1,0,2
BRDA:42,1,1,0
BRDA:61,2,0,2
BRDA:61,2,1,1
BRDA:62,3,0,1
BRDA:62,3,1,1
BRF:6
BRH:5
end_of_record
